*********************** INPUT FILE ***********************
coordinates ../../data/water_box.dcd 

structure   ../../data/water_box.psf

donor_index 4306

output_coords ./out_box.dcd

dimensions 35.2 35.2 35.2

groups_file ../../data/water_box.groups

write_partitions ./t300xyz xyz

write_n_steps  10

active_radius 5.5

buffer_radius 1.0

pap_order 2

elements_file pdb ../../data/water_box.pdb

write_prefix out_box

allow_hop 0

ind_method 0

rdh0 OT 1.0

proton_types HT

****************************************************
INPUT FILE VARIABLES
Reading coordinates from: ../../data/water_box.dcd
Reading topology from: ../../data/water_box.psf
Writing coordinates to: ./out_box.dcd
Reading AP groups from: ../../data/water_box.groups
Reading atomic elements from: ../../data/water_box.pdb
Writing PAP partitions to folder: ./t300xyz/
Writing PAP partitions every 10 steps

INDICATOR VARIABLES
rlist: 3.500
rdh0 parameters:
    OT          1.000
    SOT         1.000
    CLA         1.400
    OC          1.000
Initial donor: 4306
proton types: ['HT']
SYSTEM VARIABLES
Dimensions: 35.20000000   35.20000000   35.20000000
AP SETTINGS
Active radius: 5.50000000
Buffer radius: 1.00000000
Permute order: 2
